<?xml version="1.0" encoding="UTF-8" ?>
<testsuite tests="27" failures="0" name="poker.FiveHandPokerHandTest" time="0.001" errors="0" skipped="0">
  <properties>
[...]
</properties>
  <testcase classname="poker.FiveHandPokerHandTest" name="testFullHouse1" time="0"/>
  <testcase classname="poker.FiveHandPokerHandTest" name="testFullHouse2" time="0"/>
  <testcase classname="poker.FiveHandPokerHandTest" name="testFullHouse3" time="0"/>
  <testcase classname="poker.FiveHandPokerHandTest" name="testTwoPair1" time="0"/>
  <testcase classname="poker.FiveHandPokerHandTest" name="testTwoPair2" time="0"/>
  <testcase classname="poker.FiveHandPokerHandTest" name="testTwoPair3" time="0"/>
  <testcase classname="poker.FiveHandPokerHandTest" name="testPair1" time="0"/>
  <testcase classname="poker.FiveHandPokerHandTest" name="testPair2" time="0"/>
  <testcase classname="poker.FiveHandPokerHandTest" name="testPair3" time="0"/>
  <testcase classname="poker.FiveHandPokerHandTest" name="testHighCard1" time="0"/>
  <testcase classname="poker.FiveHandPokerHandTest" name="testHighCard2" time="0"/>
  <testcase classname="poker.FiveHandPokerHandTest" name="testIsFlush1" time="0"/>
  <testcase classname="poker.FiveHandPokerHandTest" name="testIsFlush2" time="0"/>
  <testcase classname="poker.FiveHandPokerHandTest" name="testIsStright1" time="0"/>
  <testcase classname="poker.FiveHandPokerHandTest" name="testIsStright2" time="0"/>
  <testcase classname="poker.FiveHandPokerHandTest" name="testIsStright3" time="0"/>
  <testcase classname="poker.FiveHandPokerHandTest" name="testIsStright4" time="0"/>
  <testcase classname="poker.FiveHandPokerHandTest" name="testFourOfAKind1" time="0"/>
  <testcase classname="poker.FiveHandPokerHandTest" name="testFourOfAKind2" time="0"/>
  <testcase classname="poker.FiveHandPokerHandTest" name="testFourOfAKind3" time="0"/>
  <testcase classname="poker.FiveHandPokerHandTest" name="testIsStraightFlush1" time="0"/>
  <testcase classname="poker.FiveHandPokerHandTest" name="testIsStraightFlush2" time="0.001"/>
  <testcase classname="poker.FiveHandPokerHandTest" name="testIsStraightFlush3" time="0"/>
  <testcase classname="poker.FiveHandPokerHandTest" name="testIsStraightFlush4" time="0"/>
  <testcase classname="poker.FiveHandPokerHandTest" name="testThreeOfAKind1" time="0"/>
  <testcase classname="poker.FiveHandPokerHandTest" name="testThreeOfAKind2" time="0"/>
  <testcase classname="poker.FiveHandPokerHandTest" name="testThreeOfAKind3" time="0"/>
</testsuite>